{
  "RSpec": {
    "coverage": {
      "/Users/lisaf13/Desktop/jumpstart/spec/models/image_spec.rb": [
        1,
        null,
        1,
        2,
        2,
        null,
        2,
        null
      ],
      "/Users/lisaf13/Desktop/jumpstart/spec/rails_helper.rb": [
        null,
        1,
        1,
        null,
        1,
        1,
        1,
        1,
        null,
        null,
        null,
        null,
        null,
        null,
        null,
        null,
        null,
        null,
        null,
        null,
        null,
        null,
        null,
        null,
        null,
        null,
        null,
        1,
        null,
        1,
        null,
        1,
        null,
        null,
        null,
        null,
        1,
        null,
        null,
        null,
        null,
        null,
        null,
        null,
        null,
        null,
        null,
        null,
        null,
        null,
        null,
        1,
        null,
        null,
        1,
        1,
        1,
        1,
        null,
        null
      ],
      "/Users/lisaf13/Desktop/jumpstart/config/environment.rb": [
        null,
        1,
        null,
        null,
        1
      ],
      "/Users/lisaf13/Desktop/jumpstart/config/application.rb": [
        1,
        null,
        1,
        null,
        1,
        1,
        1,
        1,
        1,
        1,
        1,
        null,
        null,
        null,
        null,
        1,
        null,
        1,
        1,
        null,
        null,
        null,
        null,
        null,
        null,
        null,
        null,
        null,
        null,
        null,
        null,
        null,
        1,
        null,
        null
      ],
      "/Users/lisaf13/Desktop/jumpstart/config/boot.rb": [
        1,
        null,
        1
      ],
      "/Users/lisaf13/Desktop/jumpstart/config/environments/test.rb": [
        1,
        null,
        null,
        null,
        null,
        null,
        null,
        1,
        null,
        null,
        null,
        null,
        1,
        null,
        null,
        1,
        1,
        null,
        null,
        1,
        1,
        null,
        null,
        1,
        null,
        null,
        1,
        null,
        null,
        null,
        null,
        1,
        null,
        null,
        1,
        null,
        null,
        1,
        null,
        null,
        null,
        null
      ],
      "/Users/lisaf13/Desktop/jumpstart/config/initializers/assets.rb": [
        null,
        null,
        null,
        1,
        null,
        null,
        null,
        null,
        null,
        null,
        null
      ],
      "/Users/lisaf13/Desktop/jumpstart/config/initializers/backtrace_silencers.rb": [
        null,
        null,
        null,
        null,
        null,
        null,
        null
      ],
      "/Users/lisaf13/Desktop/jumpstart/config/initializers/cookies_serializer.rb": [
        null,
        null,
        1
      ],
      "/Users/lisaf13/Desktop/jumpstart/config/initializers/devise.rb": [
        null,
        null,
        1,
        null,
        null,
        null,
        null,
        null,
        null,
        null,
        null,
        null,
        null,
        null,
        null,
        1,
        null,
        null,
        null,
        null,
        null,
        null,
        null,
        null,
        1,
        null,
        1,
        null,
        null,
        null,
        null,
        null,
        null,
        null,
        null,
        null,
        null,
        null,
        null,
        null,
        null,
        null,
        null,
        null,
        null,
        null,
        null,
        null,
        1,
        null,
        null,
        null,
        null,
        1,
        null,
        null,
        null,
        null,
        null,
        null,
        null,
        null,
        null,
        null,
        null,
        null,
        null,
        null,
        null,
        null,
        null,
        null,
        null,
        null,
        null,
        null,
        null,
        null,
        null,
        null,
        null,
        null,
        null,
        null,
        1,
        null,
        null,
        null,
        null,
        null,
        null,
        null,
        null,
        null,
        null,
        null,
        null,
        null,
        null,
        null,
        null,
        1,
        null,
        null,
        null,
        null,
        null,
        null,
        null,
        null,
        null,
        null,
        null,
        null,
        null,
        null,
        null,
        null,
        null,
        null,
        null,
        null,
        null,
        null,
        null,
        null,
        1,
        null,
        null,
        null,
        null,
        null,
        null,
        null,
        null,
        null,
        1,
        null,
        null,
        null,
        null,
        null,
        null,
        null,
        null,
        null,
        null,
        1,
        null,
        null,
        null,
        null,
        null,
        null,
        null,
        null,
        null,
        null,
        null,
        null,
        null,
        null,
        null,
        null,
        null,
        null,
        null,
        null,
        null,
        null,
        null,
        null,
        null,
        null,
        null,
        null,
        null,
        null,
        null,
        null,
        null,
        null,
        null,
        null,
        null,
        null,
        null,
        null,
        null,
        null,
        null,
        null,
        null,
        1,
        null,
        null,
        null,
        null,
        null,
        null,
        null,
        null,
        null,
        null,
        null,
        null,
        null,
        null,
        null,
        null,
        null,
        null,
        null,
        null,
        null,
        null,
        null,
        null,
        null,
        null,
        null,
        null,
        null,
        null,
        null,
        null,
        null,
        null,
        null,
        null,
        null,
        null,
        null,
        null,
        null,
        1,
        null,
        null,
        null,
        null,
        null,
        null,
        null,
        null,
        null,
        null,
        null,
        null,
        null,
        null,
        null,
        null,
        null,
        null,
        null,
        null,
        null,
        null,
        null,
        null,
        null,
        null,
        null,
        null,
        null
      ],
      "/Users/lisaf13/Desktop/jumpstart/config/initializers/filter_parameter_logging.rb": [
        null,
        null,
        null,
        1
      ],
      "/Users/lisaf13/Desktop/jumpstart/config/initializers/inflections.rb": [
        null,
        null,
        null,
        null,
        null,
        null,
        null,
        null,
        null,
        null,
        null,
        null,
        null,
        null,
        null,
        null
      ],
      "/Users/lisaf13/Desktop/jumpstart/config/initializers/mime_types.rb": [
        null,
        null,
        null,
        null
      ],
      "/Users/lisaf13/Desktop/jumpstart/config/initializers/session_store.rb": [
        null,
        null,
        1
      ],
      "/Users/lisaf13/Desktop/jumpstart/config/initializers/wrap_parameters.rb": [
        null,
        null,
        null,
        null,
        null,
        null,
        1,
        1,
        null,
        null,
        null,
        null,
        null,
        null
      ],
      "/Users/lisaf13/Desktop/jumpstart/config/routes.rb": [
        1,
        1,
        null,
        1,
        null,
        1,
        1,
        null,
        null
      ],
      "/Users/lisaf13/Desktop/jumpstart/app/models/user.rb": [
        1,
        null,
        null,
        1,
        null,
        null,
        1,
        null,
        1,
        null
      ],
      "/Users/lisaf13/Desktop/jumpstart/app/controllers/application_controller.rb": [
        1,
        null,
        null,
        1,
        null,
        1,
        null,
        1,
        null,
        1,
        0,
        0,
        null,
        null
      ],
      "/Users/lisaf13/Desktop/jumpstart/app/helpers/application_helper.rb": [
        1,
        null
      ],
      "/Users/lisaf13/Desktop/jumpstart/app/controllers/images_controller.rb": [
        1,
        null,
        null,
        null,
        1,
        0,
        0,
        null,
        null
      ],
      "/Users/lisaf13/Desktop/jumpstart/app/controllers/static_controller.rb": [
        1,
        1,
        0,
        null,
        null,
        null
      ],
      "/Users/lisaf13/Desktop/jumpstart/app/models/image.rb": [
        1,
        1,
        null,
        1,
        1,
        null,
        1,
        null,
        1,
        null
      ],
      "/Users/lisaf13/Desktop/jumpstart/spec/models/user_spec.rb": [
        1,
        null,
        1,
        null,
        2,
        2,
        null
      ]
    },
    "timestamp": 1445629188
  }
}
